Unity Editor version:    2020.3.24f1c2 (f3616f7ef48a)
Branch:                  2020.3/china_unity/release
Build type:              Release
Batch mode:              YES
macOS version:           Version 12.2.1 (Build 21D62)
Darwin version:          21.3.0
Architecture:            x86_64
Running under Rosetta:   NO
Available memory:        16384 MB
Using pre-set license
Pro License: NO

COMMAND LINE ARGUMENTS:
/Applications/Unity/2020.3.24f1c2/Unity.app/Contents/MacOS/Unity
-adb2
-batchMode
-noUpm
-name
AssetImportWorker0
-projectPath
/Users/sk/Desktop/workspace_unity/HCDXG2022
-logFile
Logs/AssetImportWorker0.log
-srvPort
55476
Successfully changed project path to: /Users/sk/Desktop/workspace_unity/HCDXG2022
/Users/sk/Desktop/workspace_unity/HCDXG2022
Using Asset Import Pipeline V2.
AS: AutoStreaming module initializing.Refreshing native plugins compatible for Editor in 77.38 ms, found 3 plugins.
Preloading 0 native plugins for Editor in 0.00 ms.
Initialize engine version: 2020.3.24f1c2 (f3616f7ef48a)
[Subsystems] Discovering subsystems at path /Applications/Unity/2020.3.24f1c2/Unity.app/Contents/Resources/UnitySubsystems
[Subsystems] Discovering subsystems at path /Users/sk/Desktop/workspace_unity/HCDXG2022/Assets
GfxDevice: creating device client; threaded=0
2022-02-27 18:43:16.221 Unity[22280:2713957] Color LCD preferred device: AMD Radeon Pro 560 (high power)
2022-02-27 18:43:16.221 Unity[22280:2713957] Metal devices available: 2
2022-02-27 18:43:16.221 Unity[22280:2713957] 0: AMD Radeon Pro 560 (high power)
2022-02-27 18:43:16.221 Unity[22280:2713957] 1: Intel(R) HD Graphics 630 (low power)
2022-02-27 18:43:16.221 Unity[22280:2713957] Using device AMD Radeon Pro 560 (high power)
Initializing Metal device caps: AMD Radeon Pro 560
Initialize mono
Mono path[0] = '/Applications/Unity/2020.3.24f1c2/Unity.app/Contents/Managed'
Mono path[1] = '/Applications/Unity/2020.3.24f1c2/Unity.app/Contents/MonoBleedingEdge/lib/mono/unityjit'
Mono config path = '/Applications/Unity/2020.3.24f1c2/Unity.app/Contents/MonoBleedingEdge/etc'
Using monoOptions --debugger-agent=transport=dt_socket,embedding=1,server=y,suspend=n,address=127.0.0.1:56280
Begin MonoManager ReloadAssembly
Registering precompiled unity dll's ...
Register platform support module: /Applications/Unity/2020.3.24f1c2/Unity.app/Contents/PlaybackEngines/MacStandaloneSupport/UnityEditor.OSXStandalone.Extensions.dll
Registered in 0.000667 seconds.
Native extension for OSXStandalone target not found
Refreshing native plugins compatible for Editor in 55.66 ms, found 3 plugins.
Preloading 0 native plugins for Editor in 0.00 ms.
Mono: successfully reloaded assembly
- Completed reload, in  0.835 seconds
Domain Reload Profiling:
	ReloadAssembly (835ms)
		BeginReloadAssembly (53ms)
			ExecutionOrderSort (0ms)
			DisableScriptedObjects (0ms)
			BackupInstance (0ms)
			ReleaseScriptingObjects (0ms)
			CreateAndSetChildDomain (1ms)
		EndReloadAssembly (673ms)
			LoadAssemblies (52ms)
			RebuildTransferFunctionScriptingTraits (0ms)
			SetupTypeCache (258ms)
			ReleaseScriptCaches (0ms)
			RebuildScriptCaches (48ms)
			SetupLoadedEditorAssemblies (256ms)
				LogAssemblyErrors (0ms)
				InitializePlatformSupportModulesInManaged (4ms)
				SetLoadedEditorAssemblies (0ms)
				RefreshPlugins (56ms)
				BeforeProcessingInitializeOnLoad (37ms)
				ProcessInitializeOnLoadAttributes (119ms)
				ProcessInitializeOnLoadMethodAttributes (40ms)
				AfterProcessingInitializeOnLoad (0ms)
				EditorAssembliesLoaded (0ms)
			ExecutionOrderSort2 (0ms)
			AwakeInstancesAfterBackupRestoration (0ms)
Platform modules already initialized, skipping
Registering precompiled user dll's ...
Registered in 0.001970 seconds.
Begin MonoManager ReloadAssembly
Native extension for OSXStandalone target not found
Refreshing native plugins compatible for Editor in 55.02 ms, found 3 plugins.
Preloading 0 native plugins for Editor in 0.00 ms.
Mono: successfully reloaded assembly
- Completed reload, in  1.560 seconds
Domain Reload Profiling:
	ReloadAssembly (1562ms)
		BeginReloadAssembly (195ms)
			ExecutionOrderSort (0ms)
			DisableScriptedObjects (5ms)
			BackupInstance (0ms)
			ReleaseScriptingObjects (0ms)
			CreateAndSetChildDomain (29ms)
		EndReloadAssembly (1282ms)
			LoadAssemblies (99ms)
			RebuildTransferFunctionScriptingTraits (0ms)
			SetupTypeCache (471ms)
			ReleaseScriptCaches (1ms)
			RebuildScriptCaches (76ms)
			SetupLoadedEditorAssemblies (455ms)
				LogAssemblyErrors (0ms)
				InitializePlatformSupportModulesInManaged (4ms)
				SetLoadedEditorAssemblies (0ms)
				RefreshPlugins (55ms)
				BeforeProcessingInitializeOnLoad (94ms)
				ProcessInitializeOnLoadAttributes (278ms)
				ProcessInitializeOnLoadMethodAttributes (22ms)
				AfterProcessingInitializeOnLoad (1ms)
				EditorAssembliesLoaded (0ms)
			ExecutionOrderSort2 (0ms)
			AwakeInstancesAfterBackupRestoration (8ms)
Platform modules already initialized, skipping
Validating Project structure ... 0.000992 seconds.

LICENSE SYSTEM [2022227 18:43:19] Next license update check is after 2022-02-27T14:20:54

Shader import version has changed; will reimport all shaders...
Upgrading shader files ...0.001271 seconds.
Application.AssetDatabase Initial Script Refresh Start
RefreshInfo: InitialScriptRefreshV2(NoUpdateAssetOptions) scanfilter:  ... 1 filters
RefreshProfiler: Total: 0.000ms
Application.AssetDatabase Initial Script Refresh End
Application.AssetDatabase.Refresh Start
Application.AssetDatabase.Refresh End
RefreshInfo: StopAssetImportingV2(ForceSynchronousImport) scanfilter: 
RefreshProfiler: Total: 0.000ms
Launching external process: /Applications/Unity/2020.3.24f1c2/Unity.app/Contents/Tools/UnityShaderCompiler
Launched and connected shader compiler UnityShaderCompiler after 0.02 seconds
Initializing Unity extensions:
2022-02-27 18:43:19.872 Unity[22280:2713957] NSEventModifierFlagFunction specified to -setKeyEquivalentModifierMask: for item <NSMenuItem: 0x600000ebb410 Font Asset, ke='Command-F12'>, but is only supported for system-provided menu items; will not be used
2022-02-27 18:43:19.879 Unity[22280:2713957] NSEventModifierFlagFunction specified to -setKeyEquivalentModifierMask: for item <NSMenuItem: 0x600000eaf2c0 Font Asset, ke='Command-F12'>, but is only supported for system-provided menu items; will not be used
========================================================================
Worker process is ready to serve import requests
Refreshing native plugins compatible for Editor in 0.52 ms, found 3 plugins.
Preloading 0 native plugins for Editor in 0.00 ms.
Unloading 2197 Unused Serialized files (Serialized files now loaded: 0)
System memory in use before: 197.5 MB.
System memory in use after: 196.8 MB.

Unloading 103 unused Assets to reduce memory usage. Loaded Objects now: 2672.
Total: 4.977536 ms (FindLiveObjects: 0.309290 ms CreateObjectMapping: 0.136916 ms MarkObjects: 3.930156 ms  DeleteObjects: 0.599940 ms)

AssetImportParameters requested are different than current active one (requested -> active):
  custom:video-decoder-ogg-theora: a1e56fd34408186e4bbccfd4996cb3dc -> 
  custom:container-muxer-webm: aa71ff27fc2769a1b78a27578f13a17b -> 
  custom:container-demuxer-webm: 4f35f7cbe854078d1ac9338744f61a02 -> 
  custom:container-demuxer-ogg: 62fdf1f143b41e24485cea50d1cbac27 -> 
  custom:video-encoder-webm-vp8: eb34c28f22e8b96e1ab97ce403110664 -> 
  custom:framework-osx-AVFoundation: e770b220cccbd017edd2c1fefb359320 -> 
  custom:video-decoder-webm-vp8: 9c59270c3fd7afecdb556c50c9e8de78 -> 
  custom:audio-decoder-ogg-vorbis: bf7c407c2cedff20999df2af8eb42d56 -> 
  custom:audio-encoder-webm-vorbis: bf7c407c2cedff20999df2af8eb42d56 -> 
========================================================================
Received Import Request.
  path: Assets/images/Four.png
  artifactKey: Guid(cee9d2452f569450aa1d25e85409d66e) Importer(815301076,1909f56bfc062723c751e8b465ee728b)
Start importing Assets/images/Four.png using Guid(cee9d2452f569450aa1d25e85409d66e) Importer(815301076,1909f56bfc062723c751e8b465ee728b)  -> (artifact id: '8ccb57e0a3b70d4a6f44dff46be2bd03') in 1.565472 seconds 
  Import took 1.576207 seconds .

========================================================================
Received Import Request.
  Time since last request: 0.000953 seconds.
  path: Assets/PhysicsMaterial/WallPM.physicsMaterial2D
  artifactKey: Guid(52d059f88fdbc4b96b7aad190fe510cb) Importer(815301076,1909f56bfc062723c751e8b465ee728b)
Start importing Assets/PhysicsMaterial/WallPM.physicsMaterial2D using Guid(52d059f88fdbc4b96b7aad190fe510cb) Importer(815301076,1909f56bfc062723c751e8b465ee728b)  -> (artifact id: '8c80cbf415b6401a3db469c924cb4f68') in 1.611882 seconds 
  Import took 1.618923 seconds .

========================================================================
Received Import Request.
  Time since last request: 0.000327 seconds.
  path: Assets/sounds/create.mp3
  artifactKey: Guid(5b0d21d19700f46fa940c5ded0689f30) Importer(815301076,1909f56bfc062723c751e8b465ee728b)
Start importing Assets/sounds/create.mp3 using Guid(5b0d21d19700f46fa940c5ded0689f30) Importer(815301076,1909f56bfc062723c751e8b465ee728b)  -> (artifact id: 'dc6c1e04c8a6876b27d70003909bc82e') in 1.676880 seconds 
  Import took 1.685920 seconds .

========================================================================
Received Import Request.
  Time since last request: 0.000363 seconds.
  path: Assets/sounds/fruit_colli.mp3
  artifactKey: Guid(8788ab05a2ad94734943f16d8277d28b) Importer(815301076,1909f56bfc062723c751e8b465ee728b)
Start importing Assets/sounds/fruit_colli.mp3 using Guid(8788ab05a2ad94734943f16d8277d28b) Importer(815301076,1909f56bfc062723c751e8b465ee728b)  -> (artifact id: 'b639db503bcbb889fd564fea4c1ee651') in 0.015807 seconds 
  Import took 0.022289 seconds .

========================================================================
Received Import Request.
  Time since last request: 0.000283 seconds.
  path: Assets/sounds/cheer.mp3
  artifactKey: Guid(e6a81a4ead3424af394bd4fec4196650) Importer(815301076,1909f56bfc062723c751e8b465ee728b)
Start importing Assets/sounds/cheer.mp3 using Guid(e6a81a4ead3424af394bd4fec4196650) Importer(815301076,1909f56bfc062723c751e8b465ee728b)  -> (artifact id: 'f8cfdd94574e99095c668baa7011a291') in 0.014085 seconds 
  Import took 0.018703 seconds .

========================================================================
Received Import Request.
  Time since last request: 0.000267 seconds.
  path: Assets/sounds/fruit_cut.mp3
  artifactKey: Guid(c8b90622863e74db6a2afc6b068663c7) Importer(815301076,1909f56bfc062723c751e8b465ee728b)
Start importing Assets/sounds/fruit_cut.mp3 using Guid(c8b90622863e74db6a2afc6b068663c7) Importer(815301076,1909f56bfc062723c751e8b465ee728b)  -> (artifact id: '9dbea31f767cc16a8628c22646150a80') in 0.012318 seconds 
  Import took 0.016410 seconds .

========================================================================
Received Import Request.
  Time since last request: 0.000315 seconds.
  path: Assets/images/One.png
  artifactKey: Guid(c6c0517a2b8474577a7f488b001f7d63) Importer(815301076,1909f56bfc062723c751e8b465ee728b)
Start importing Assets/images/One.png using Guid(c6c0517a2b8474577a7f488b001f7d63) Importer(815301076,1909f56bfc062723c751e8b465ee728b)  -> (artifact id: '830ba46a69d674c86a22c706903eaaee') in 0.015994 seconds 
  Import took 0.020433 seconds .

========================================================================
Received Import Request.
  Time since last request: 0.000343 seconds.
  path: Assets/images/Five.png
  artifactKey: Guid(820cad68901404472a1406299e11636a) Importer(815301076,1909f56bfc062723c751e8b465ee728b)
Start importing Assets/images/Five.png using Guid(820cad68901404472a1406299e11636a) Importer(815301076,1909f56bfc062723c751e8b465ee728b)  -> (artifact id: 'fcc908fdd1f1af5697b8e2e068ae8461') in 0.021487 seconds 
  Import took 0.026460 seconds .

========================================================================
Received Import Request.
  Time since last request: 0.000338 seconds.
  path: Assets/images/Bg.png
  artifactKey: Guid(d8617c485c8bf46ab8dfbfe629de5ae0) Importer(815301076,1909f56bfc062723c751e8b465ee728b)
Start importing Assets/images/Bg.png using Guid(d8617c485c8bf46ab8dfbfe629de5ae0) Importer(815301076,1909f56bfc062723c751e8b465ee728b)  -> (artifact id: 'b35a5908fb39ba0d7c1cd9bdf9a1a94d') in 0.017616 seconds 
  Import took 0.021558 seconds .

========================================================================
Received Import Request.
  Time since last request: 0.000341 seconds.
  path: Assets/images/Six.png
  artifactKey: Guid(f9d0ddfcce3f748499727f926fcb5981) Importer(815301076,1909f56bfc062723c751e8b465ee728b)
Start importing Assets/images/Six.png using Guid(f9d0ddfcce3f748499727f926fcb5981) Importer(815301076,1909f56bfc062723c751e8b465ee728b)  -> (artifact id: '186fc58e37a2fb4c19454df42dfcdeba') in 0.023790 seconds 
  Import took 0.029863 seconds .

========================================================================
Received Import Request.
  Time since last request: 0.000585 seconds.
  path: Assets/PhysicsMaterial/FruitPM.physicsMaterial2D
  artifactKey: Guid(fca4c1f82746c465aa33b2e20a3ef18c) Importer(815301076,1909f56bfc062723c751e8b465ee728b)
Start importing Assets/PhysicsMaterial/FruitPM.physicsMaterial2D using Guid(fca4c1f82746c465aa33b2e20a3ef18c) Importer(815301076,1909f56bfc062723c751e8b465ee728b)  -> (artifact id: '3bb5d3cf8ec27c196b34f6eb21042790') in 0.005189 seconds 
  Import took 0.009808 seconds .

========================================================================
Received Import Request.
  Time since last request: 0.000327 seconds.
  path: Assets/images/Nine.png
  artifactKey: Guid(c932c9a4c05c74f6686be18b1305b208) Importer(815301076,1909f56bfc062723c751e8b465ee728b)
Start importing Assets/images/Nine.png using Guid(c932c9a4c05c74f6686be18b1305b208) Importer(815301076,1909f56bfc062723c751e8b465ee728b)  -> (artifact id: '1b1ad10cbe2aa229d49dec9f2cc8fc05') in 0.023830 seconds 
  Import took 0.029235 seconds .

========================================================================
Received Import Request.
  Time since last request: 0.003676 seconds.
  path: Assets/Scenes/SampleScene.unity
  artifactKey: Guid(2cda990e2423bbf4892e6590ba056729) Importer(815301076,1909f56bfc062723c751e8b465ee728b)
Start importing Assets/Scenes/SampleScene.unity using Guid(2cda990e2423bbf4892e6590ba056729) Importer(815301076,1909f56bfc062723c751e8b465ee728b)  -> (artifact id: 'f15b9a4adc76c6e4f02edea107f11f6c') in 0.002403 seconds 
  Import took 0.008765 seconds .

========================================================================
Received Import Request.
  Time since last request: 0.000517 seconds.
  path: Assets/images/Seven.png
  artifactKey: Guid(0e02a3e3bbfa74f55a39e99e4d20585f) Importer(815301076,1909f56bfc062723c751e8b465ee728b)
Start importing Assets/images/Seven.png using Guid(0e02a3e3bbfa74f55a39e99e4d20585f) Importer(815301076,1909f56bfc062723c751e8b465ee728b)  -> (artifact id: '6f800c087bbb280ee526cd31705689cc') in 0.024437 seconds 
  Import took 0.030486 seconds .

========================================================================
Received Import Request.
  Time since last request: 0.000297 seconds.
  path: Assets/images/Start.png
  artifactKey: Guid(9b200788c275447acb48d9cd017af3d2) Importer(815301076,1909f56bfc062723c751e8b465ee728b)
Start importing Assets/images/Start.png using Guid(9b200788c275447acb48d9cd017af3d2) Importer(815301076,1909f56bfc062723c751e8b465ee728b)  -> (artifact id: 'a438cb33851292c60c83857d3124d9bc') in 0.016179 seconds 
  Import took 0.020954 seconds .

========================================================================
Received Import Request.
  Time since last request: 0.000288 seconds.
  path: Assets/sounds/collision.mp3
  artifactKey: Guid(48b1c382e0f1440e49f92e1d3b2a2ec8) Importer(815301076,1909f56bfc062723c751e8b465ee728b)
Start importing Assets/sounds/collision.mp3 using Guid(48b1c382e0f1440e49f92e1d3b2a2ec8) Importer(815301076,1909f56bfc062723c751e8b465ee728b)  -> (artifact id: '470422e0e6c6e8c194f1cdd0a0929ff9') in 0.013779 seconds 
  Import took 0.019079 seconds .

========================================================================
Received Import Request.
  Time since last request: 0.000351 seconds.
  path: Assets/images/Two.png
  artifactKey: Guid(b4503e765018243b0bbf32cadf88d942) Importer(815301076,1909f56bfc062723c751e8b465ee728b)
Start importing Assets/images/Two.png using Guid(b4503e765018243b0bbf32cadf88d942) Importer(815301076,1909f56bfc062723c751e8b465ee728b)  -> (artifact id: '7e5f762fad85e1a7eb2790c0e145b1c0') in 0.016091 seconds 
  Import took 0.021104 seconds .

========================================================================
Received Import Request.
  Time since last request: 0.000318 seconds.
  path: Assets/images/Eight.png
  artifactKey: Guid(5aa8837c324f64560b6a7a075096b96f) Importer(815301076,1909f56bfc062723c751e8b465ee728b)
Start importing Assets/images/Eight.png using Guid(5aa8837c324f64560b6a7a075096b96f) Importer(815301076,1909f56bfc062723c751e8b465ee728b)  -> (artifact id: 'eefeedcb127cb1b72175570a421724c1') in 0.023051 seconds 
  Import took 0.027923 seconds .

========================================================================
Received Import Request.
  Time since last request: 0.000355 seconds.
  path: Assets/images/Three.png
  artifactKey: Guid(9c24a09d929d148adb974813b851825a) Importer(815301076,1909f56bfc062723c751e8b465ee728b)
Start importing Assets/images/Three.png using Guid(9c24a09d929d148adb974813b851825a) Importer(815301076,1909f56bfc062723c751e8b465ee728b)  -> (artifact id: '9be252fd283407a2e5cb4fa131dbe007') in 0.022156 seconds 
  Import took 0.027125 seconds .

========================================================================
Received Import Request.
  Time since last request: 0.000292 seconds.
  path: Assets/images/Square.png
  artifactKey: Guid(981e0f89d21d5494d8754bf1d23335c0) Importer(815301076,1909f56bfc062723c751e8b465ee728b)
Start importing Assets/images/Square.png using Guid(981e0f89d21d5494d8754bf1d23335c0) Importer(815301076,1909f56bfc062723c751e8b465ee728b)  -> (artifact id: 'e3da4c7d55744841997c09870f9d6aaf') in 0.018147 seconds 
  Import took 0.023164 seconds .

========================================================================
Received Import Request.
  Time since last request: 0.000356 seconds.
  path: Assets/images/Ten.png
  artifactKey: Guid(c087c90a7403749dfbd451c7f1c6f623) Importer(815301076,1909f56bfc062723c751e8b465ee728b)
Start importing Assets/images/Ten.png using Guid(c087c90a7403749dfbd451c7f1c6f623) Importer(815301076,1909f56bfc062723c751e8b465ee728b)  -> (artifact id: '4e483702abb31e6a5b97ce4ffc7438b7') in 0.021906 seconds 
  Import took 0.027446 seconds .

========================================================================
Received Import Request.
  Time since last request: 0.000286 seconds.
  path: Assets/images/Eleven.png
  artifactKey: Guid(cd8fe4bf0b5204a26b726acbff03353a) Importer(815301076,1909f56bfc062723c751e8b465ee728b)
Start importing Assets/images/Eleven.png using Guid(cd8fe4bf0b5204a26b726acbff03353a) Importer(815301076,1909f56bfc062723c751e8b465ee728b)  -> (artifact id: '68b18d3ad6a5c3c9be4d504a74e881ba') in 0.024223 seconds 
  Import took 0.029871 seconds .

========================================================================
Received Import Request.
  Time since last request: 28.099648 seconds.
  path: Assets/scripts/GameManager.cs
  artifactKey: Guid(d61ebcf25e57946ea82b62ac98a730e7) Importer(815301076,1909f56bfc062723c751e8b465ee728b)
Start importing Assets/scripts/GameManager.cs using Guid(d61ebcf25e57946ea82b62ac98a730e7) Importer(815301076,1909f56bfc062723c751e8b465ee728b)  -> (artifact id: '12466514805a26332da0fbb9230e7efc') in 0.367261 seconds 
  Import took 0.374611 seconds .

========================================================================
Received Import Request.
  Time since last request: 544.854953 seconds.
  path: Assets/Scenes/UnityTempFile-0d2ab92d8b7e943098d5f6312d34886c.Unity
  artifactKey: Guid(9d3cb6b2d599d4ed2a40945f65886db0) Importer(815301076,1909f56bfc062723c751e8b465ee728b)
Start importing Assets/Scenes/UnityTempFile-0d2ab92d8b7e943098d5f6312d34886c.Unity using Guid(9d3cb6b2d599d4ed2a40945f65886db0) Importer(815301076,1909f56bfc062723c751e8b465ee728b)  -> (artifact id: '6724c9cbdeb86c39a5bc720c15726e22') in 0.008704 seconds 
  Import took 0.013743 seconds .

